<?xml version="1.0" encoding="UTF-8"?>
<beans xmlns="http://www.springframework.org/schema/beans"
	xmlns:xsi="http://www.w3.org/2001/XMLSchema-instance"
	xmlns:p="http://www.springframework.org/schema/p"
	xsi:schemaLocation="http://www.springframework.org/schema/beans http://www.springframework.org/schema/beans/spring-beans.xsd">

	<bean id="socketServer" class="de.thm.arsnova.socket.ARSnovaSocketIOServer"
		init-method="startServer" destroy-method="stopServer" scope="singleton"
		p:portNumber="11443" p:hostIp="localhost" p:useSSL="false" p:keystore=""
		p:storepass="" />
</beans>
