<?xml version='1.0' encoding='UTF-8'?>
<data xmlns="https://raw.github.com/otavanopisto/muikku/master/muikku-core-plugins/schema/1.0/muikku-data.xsd"
       xmlns:xsi="http://www.w3.org/2001/XMLSchema-instance"
       xsi:schemaLocation="https://raw.github.com/otavanopisto/muikku/master/muikku-core-plugins/schema/1.0/muikku-data.xsd ./muikku-data.xsd">
  <script
    run="ONCE"
    handler="MySQL"
    url="https://raw.github.com/otavanopisto/muikku/master/muikku-data/test/001_user_groups_mysql.sql" />
  <script
    run="ONCE"
    handler="MySQL"
    url="https://raw.github.com/otavanopisto/muikku/master/muikku-data/test/002_user_roles_mysql.sql" />
  <script
    run="ONCE"
    handler="MySQL"
    url="https://raw.github.com/otavanopisto/muikku/master/muikku-data/school-data-local/001_create_users_mysql.sql" />
  <script
    run="ALWAYS"
    handler="HSQLDB"
    url="https://raw.github.com/otavanopisto/muikku/master/muikku-data/school-data-mock/001_mock_users_hsqldb.sql">
    <parameter name="database">school-data-mock</parameter>
  </script>
</data>
